<?xml version="1.0" encoding="UTF-8"?>
<testng-results ignored="0" total="2" passed="2" failed="0" skipped="0">
  <reporter-output>
  </reporter-output>
  <suite started-at="2022-08-09T16:00:47 EDT" name="Default suite" finished-at="2022-08-09T16:00:48 EDT" duration-ms="1202">
    <groups>
    </groups>
    <test started-at="2022-08-09T16:00:47 EDT" name="Default test" finished-at="2022-08-09T16:00:48 EDT" duration-ms="1202">
      <class name="MySQLTest.DatabaseTestingDemo">
        <test-method is-config="true" signature="setUp()[pri:0, instance:MySQLTest.DatabaseTestingDemo@6aaceffd]" started-at="2022-08-09T16:00:47 EDT" name="setUp" finished-at="2022-08-09T16:00:48 EDT" duration-ms="920" status="PASS">
          <reporter-output>
          </reporter-output>
        </test-method> <!-- setUp -->
        <test-method is-config="true" signature="setUp()[pri:0, instance:MySQLTest.DatabaseTestingDemo@6aaceffd]" started-at="2022-08-09T16:00:48 EDT" name="setUp" finished-at="2022-08-09T16:00:48 EDT" duration-ms="45" status="PASS">
          <reporter-output>
          </reporter-output>
        </test-method> <!-- setUp -->
        <test-method signature="test()[pri:0, instance:MySQLTest.DatabaseTestingDemo@6aaceffd]" started-at="2022-08-09T16:00:48 EDT" name="test" finished-at="2022-08-09T16:00:48 EDT" duration-ms="79" status="PASS">
          <reporter-output>
          </reporter-output>
        </test-method> <!-- test -->
        <test-method is-config="true" signature="tearDown()[pri:0, instance:MySQLTest.DatabaseTestingDemo@6aaceffd]" started-at="2022-08-09T16:00:48 EDT" name="tearDown" finished-at="2022-08-09T16:00:48 EDT" duration-ms="4" status="PASS">
          <reporter-output>
          </reporter-output>
        </test-method> <!-- tearDown -->
        <test-method is-config="true" signature="setUp()[pri:0, instance:MySQLTest.DatabaseTestingDemo@6aaceffd]" started-at="2022-08-09T16:00:48 EDT" name="setUp" finished-at="2022-08-09T16:00:48 EDT" duration-ms="52" status="PASS">
          <reporter-output>
          </reporter-output>
        </test-method> <!-- setUp -->
        <test-method signature="test2()[pri:0, instance:MySQLTest.DatabaseTestingDemo@6aaceffd]" started-at="2022-08-09T16:00:48 EDT" name="test2" finished-at="2022-08-09T16:00:48 EDT" duration-ms="38" status="PASS">
          <reporter-output>
          </reporter-output>
        </test-method> <!-- test2 -->
        <test-method is-config="true" signature="tearDown()[pri:0, instance:MySQLTest.DatabaseTestingDemo@6aaceffd]" started-at="2022-08-09T16:00:48 EDT" name="tearDown" finished-at="2022-08-09T16:00:48 EDT" duration-ms="1" status="PASS">
          <reporter-output>
          </reporter-output>
        </test-method> <!-- tearDown -->
        <test-method is-config="true" signature="tearDown()[pri:0, instance:MySQLTest.DatabaseTestingDemo@6aaceffd]" started-at="2022-08-09T16:00:48 EDT" name="tearDown" finished-at="2022-08-09T16:00:48 EDT" duration-ms="0" status="PASS">
          <reporter-output>
          </reporter-output>
        </test-method> <!-- tearDown -->
      </class> <!-- MySQLTest.DatabaseTestingDemo -->
    </test> <!-- Default test -->
  </suite> <!-- Default suite -->
</testng-results>
